<?xml version="1.0" encoding="UTF-8"?>
<!-- Generated by org.testng.reporters.JUnitReportReporter -->
<testsuite hostname="saad" failures="0" tests="2" name="tests.todos_l1f21bsse0507" time="1.787" errors="0" timestamp="2025-01-29T20:50:51 PKT" skipped="0">
  <testcase classname="tests.todos_l1f21bsse0507" name="updateTodo" time="1.044"/>
  <testcase classname="tests.todos_l1f21bsse0507" name="createNewTodo" time="0.743"/>
</testsuite> <!-- tests.todos_l1f21bsse0507 -->
