<?xml version="1.0" encoding="UTF-8"?>
<!-- Generated by org.testng.reporters.JUnitReportReporter -->
<testsuite hostname="saad" failures="0" tests="2" name="tests.posts_l1f21bsse0491" time="4.751" errors="0" timestamp="2025-01-29T19:42:10 PKT" skipped="0">
  <testcase classname="tests.posts_l1f21bsse0491" name="createNewPost" time="4.170"/>
  <testcase classname="tests.posts_l1f21bsse0491" name="updatePost" time="0.581"/>
</testsuite> <!-- tests.posts_l1f21bsse0491 -->
