<?xml version="1.0" encoding="UTF-8"?>
<!-- Generated by org.testng.reporters.JUnitReportReporter -->
<testsuite hostname="saad" failures="0" tests="2" name="tests.comments_l1f21bsse0547" time="1.705" errors="0" timestamp="2025-01-29T20:50:51 PKT" skipped="0">
  <testcase classname="tests.comments_l1f21bsse0547" name="updateComment" time="0.797"/>
  <testcase classname="tests.comments_l1f21bsse0547" name="createComment" time="0.908"/>
</testsuite> <!-- tests.comments_l1f21bsse0547 -->
