<?xml version="1.0" encoding="UTF-8"?>
<!-- Generated by org.testng.reporters.JUnitReportReporter -->
<testsuite hostname="saad" failures="0" tests="2" name="tests.posts_l1f21bsse0491" time="7.265" errors="0" timestamp="2025-01-29T17:16:27 PKT" skipped="0">
  <testcase classname="tests.posts_l1f21bsse0491" name="createNewUser" time="4.219"/>
  <testcase classname="tests.posts_l1f21bsse0491" name="updateBookingTest" time="3.046"/>
</testsuite> <!-- tests.posts_l1f21bsse0491 -->
