<?xml version="1.0" encoding="UTF-8"?>
<!-- Generated by org.testng.reporters.JUnitReportReporter -->
<testsuite hostname="LAPTOP-RG84UQ5S" failures="0" tests="3" name="tests.L1F21BSSE0493" time="2.442" errors="0" timestamp="2025-01-29T00:36:44 PKT" skipped="0">
  <testcase classname="tests.L1F21BSSE0493" name="createNewUser" time="0.745"/>
  <testcase classname="tests.L1F21BSSE0493" name="updateUser" time="1.039"/>
  <testcase classname="tests.L1F21BSSE0493" name="deleteUser" time="0.658"/>
</testsuite> <!-- tests.L1F21BSSE0493 -->
