<?xml version="1.0" encoding="UTF-8"?>
<!-- Generated by org.testng.reporters.JUnitReportReporter -->
<testsuite hostname="saad" failures="0" tests="2" name="tests.comments_l1f21bsse0447" time="1.219" errors="0" timestamp="2025-01-29T19:42:10 PKT" skipped="0">
  <testcase classname="tests.comments_l1f21bsse0447" name="updateComment" time="0.708"/>
  <testcase classname="tests.comments_l1f21bsse0447" name="createComment" time="0.511"/>
</testsuite> <!-- tests.comments_l1f21bsse0447 -->
