<?xml version="1.0" encoding="UTF-8"?>
<!-- Generated by org.testng.reporters.JUnitReportReporter -->
<testsuite hostname="saad" failures="0" tests="2" name="tests.users_l1f21bsse0492" time="1.854" errors="0" timestamp="2025-01-29T20:50:51 PKT" skipped="0">
  <testcase classname="tests.users_l1f21bsse0492" name="createUser" time="0.793"/>
  <testcase classname="tests.users_l1f21bsse0492" name="updateUser" time="1.061"/>
</testsuite> <!-- tests.users_l1f21bsse0492 -->
