<?xml version="1.0" encoding="UTF-8"?>
<!-- Generated by org.testng.reporters.JUnitReportReporter -->
<testsuite hostname="saad" failures="0" tests="2" name="tests.todos_l1f21bsse0493" time="1.128" errors="0" timestamp="2025-01-29T19:42:10 PKT" skipped="0">
  <testcase classname="tests.todos_l1f21bsse0493" name="createNewTodo" time="0.516"/>
  <testcase classname="tests.todos_l1f21bsse0493" name="updateTodo" time="0.612"/>
</testsuite> <!-- tests.todos_l1f21bsse0493 -->
