<?xml version="1.0" encoding="UTF-8"?>
<!-- Generated by org.testng.reporters.JUnitReportReporter -->
<testsuite hostname="saad" failures="0" tests="2" name="tests.users_l1f21bsse0395" time="1.883" errors="0" timestamp="2025-01-29T20:50:51 PKT" skipped="0">
  <testcase classname="tests.users_l1f21bsse0395" name="createUser" time="0.991"/>
  <testcase classname="tests.users_l1f21bsse0395" name="updateUser" time="0.892"/>
</testsuite> <!-- tests.users_l1f21bsse0395 -->
